#
# There is insufficient memory for the Java Runtime Environment to continue.
# Native memory allocation (malloc) failed to allocate 1240416 bytes for Chunk::new
# Possible reasons:
#   The system is out of physical RAM or swap space
#   In 32 bit mode, the process size limit was hit
# Possible solutions:
#   Reduce memory load on the system
#   Increase physical memory or swap space
#   Check if swap backing store is full
#   Use 64 bit Java on a 64 bit OS
#   Decrease Java heap size (-Xmx/-Xms)
#   Decrease number of Java threads
#   Decrease Java thread stack sizes (-Xss)
#   Set larger code cache with -XX:ReservedCodeCacheSize=
# This output file may be truncated or incomplete.
#
#  Out of Memory Error (allocation.cpp:388), pid=152812, tid=167396
#
# JRE version: Java(TM) SE Runtime Environment (8.0-b132) (build 1.8.0-b132)
# Java VM: Java HotSpot(TM) 64-Bit Server VM (25.0-b70 mixed mode windows-amd64 compressed oops)
# Failed to write core dump. Minidumps are not enabled by default on client versions of Windows
#

---------------  T H R E A D  ---------------

Current thread (0x000000001f413000):  JavaThread "C2 CompilerThread1" daemon [_thread_in_native, id=167396, stack(0x000000001fd50000,0x000000001fe50000)]

Stack: [0x000000001fd50000,0x000000001fe50000]
Native frames: (J=compiled Java code, j=interpreted, Vv=VM code, C=native code)
V  [jvm.dll+0x308e0a]
V  [jvm.dll+0x25df11]
V  [jvm.dll+0x25eb2f]
V  [jvm.dll+0x256505]
V  [jvm.dll+0xbcff5]
V  [jvm.dll+0xbd48c]
V  [jvm.dll+0x468c27]
V  [jvm.dll+0x4363ab]
V  [jvm.dll+0x44113e]
V  [jvm.dll+0x4436c9]
V  [jvm.dll+0x427552]
V  [jvm.dll+0x96732]
V  [jvm.dll+0x96f23]
V  [jvm.dll+0x2232e4]
V  [jvm.dll+0x27baea]
C  [msvcr100.dll+0x21d9f]
C  [msvcr100.dll+0x21e3b]
C  [KERNEL32.DLL+0x1244d]
C  [ntdll.dll+0x5dfb8]


Current CompileTask:
C2:  12543 5597       4       org.aspectj.weaver.patterns.ExactAnnotationTypePattern::matches (782 bytes)


---------------  P R O C E S S  ---------------

Java Threads: ( => current thread )
  0x00000000245d6800 JavaThread "HikariPool-1 connection adder" daemon [_thread_blocked, id=147544, stack(0x0000000028160000,0x0000000028260000)]
  0x0000000025169800 JavaThread "HikariPool-1 housekeeper" daemon [_thread_blocked, id=152992, stack(0x0000000026610000,0x0000000026710000)]
  0x00000000234b1800 JavaThread "container-0" [_thread_blocked, id=153472, stack(0x0000000026e10000,0x0000000026f10000)]
  0x000000002483e800 JavaThread "Catalina-utility-2" [_thread_blocked, id=158240, stack(0x0000000028530000,0x0000000028630000)]
  0x000000002438c000 JavaThread "Catalina-utility-1" [_thread_blocked, id=168000, stack(0x0000000023780000,0x0000000023880000)]
  0x00000000243f6000 JavaThread "mysql-cj-abandoned-connection-cleanup" daemon [_thread_blocked, id=166368, stack(0x0000000021970000,0x0000000021a70000)]
  0x000000001f971800 JavaThread "restartedMain" [_thread_in_Java, id=156844, stack(0x0000000021470000,0x0000000021570000)]
  0x000000001f9da800 JavaThread "Thread-0" [_thread_blocked, id=159804, stack(0x0000000021370000,0x0000000021470000)]
  0x000000001f4ab800 JavaThread "Service Thread" daemon [_thread_blocked, id=167736, stack(0x0000000020050000,0x0000000020150000)]
  0x000000001f414800 JavaThread "C1 CompilerThread3" daemon [_thread_blocked, id=140196, stack(0x000000001ff50000,0x0000000020050000)]
  0x000000001f413800 JavaThread "C2 CompilerThread2" daemon [_thread_in_native, id=148936, stack(0x000000001fe50000,0x000000001ff50000)]
=>0x000000001f413000 JavaThread "C2 CompilerThread1" daemon [_thread_in_native, id=167396, stack(0x000000001fd50000,0x000000001fe50000)]
  0x000000001f3ef800 JavaThread "C2 CompilerThread0" daemon [_thread_in_native, id=140840, stack(0x000000001fc50000,0x000000001fd50000)]
  0x000000001f3d7000 JavaThread "Monitor Ctrl-Break" daemon [_thread_in_native, id=155448, stack(0x000000001fb50000,0x000000001fc50000)]
  0x000000001ed81800 JavaThread "Attach Listener" daemon [_thread_blocked, id=143220, stack(0x000000001f250000,0x000000001f350000)]
  0x000000001ed80800 JavaThread "Signal Dispatcher" daemon [_thread_blocked, id=155016, stack(0x000000001f150000,0x000000001f250000)]
  0x00000000032cc800 JavaThread "Finalizer" daemon [_thread_blocked, id=147336, stack(0x000000001ec50000,0x000000001ed50000)]
  0x000000001cd6c000 JavaThread "Reference Handler" daemon [_thread_blocked, id=168368, stack(0x000000001eb50000,0x000000001ec50000)]
  0x00000000031d3000 JavaThread "main" [_thread_blocked, id=145120, stack(0x00000000030d0000,0x00000000031d0000)]

Other Threads:
  0x000000001cd68800 VMThread [stack: 0x000000001ea50000,0x000000001eb50000] [id=151356]
  0x000000001f4b0800 WatcherThread [stack: 0x0000000020150000,0x0000000020250000] [id=159216]

VM state:not at safepoint (normal execution)

VM Mutex/Monitor currently owned by a thread: None

Heap:
 PSYoungGen      total 99328K, used 31421K [0x000000076bd00000, 0x0000000773a00000, 0x00000007c0000000)
  eden space 76800K, 18% used [0x000000076bd00000,0x000000076ca95fd8,0x0000000770800000)
  from space 22528K, 77% used [0x0000000772000000,0x00000007731195a0,0x0000000773600000)
  to   space 24576K, 0% used [0x0000000770800000,0x0000000770800000,0x0000000772000000)
 ParOldGen       total 27648K, used 21084K [0x00000006c3600000, 0x00000006c5100000, 0x000000076bd00000)
  object space 27648K, 76% used [0x00000006c3600000,0x00000006c4a97178,0x00000006c5100000)
 Metaspace       used 62990K, capacity 67158K, committed 67456K, reserved 1107968K
  class space    used 8856K, capacity 9554K, committed 9600K, reserved 1048576K

Card table byte_map: [0x0000000012800000,0x0000000012ff0000] byte_map_base: 0x000000000f1e5000

Marking Bits: (ParMarkBitMap*) 0x000000006f1813b0
 Begin Bits: [0x0000000013d40000, 0x0000000017c68000)
 End Bits:   [0x0000000017c68000, 0x000000001bb90000)

Polling page: 0x0000000002ee0000

CodeCache: size=245760Kb used=19815Kb max_used=19818Kb free=225944Kb
 bounds [0x0000000003440000, 0x00000000047b0000, 0x0000000012440000]
 total_blobs=5686 nmethods=5145 adapters=453
 compilation: enabled

Compilation events (10 events):
Event: 12.501 Thread 0x000000001f414800 5718       3       org.springframework.context.support.ApplicationListenerDetector::requiresDestruction (5 bytes)
Event: 12.502 Thread 0x000000001f414800 nmethod 5718 0x000000000477bbd0 code [0x000000000477bd40, 0x000000000477bf90]
Event: 12.502 Thread 0x000000001f414800 5721       3       org.springframework.context.support.ApplicationContextAwareProcessor::postProcessBeforeInitialization (100 bytes)
Event: 12.502 Thread 0x000000001f414800 nmethod 5721 0x000000000477c010 code [0x000000000477c240, 0x000000000477d118]
Event: 12.510 Thread 0x000000001f414800 5722       3       org.springframework.util.Assert::notEmpty (17 bytes)
Event: 12.511 Thread 0x000000001f414800 nmethod 5722 0x000000000477d3d0 code [0x000000000477d540, 0x000000000477d828]
Event: 12.511 Thread 0x000000001f414800 5723       3       org.springframework.util.ClassUtils::createCompositeInterface (12 bytes)
Event: 12.511 Thread 0x000000001f414800 nmethod 5723 0x000000000477d950 code [0x000000000477db40, 0x000000000477e2e8]
Event: 12.511 Thread 0x000000001f414800 5724       3       java.lang.reflect.Proxy::getProxyClass (22 bytes)
Event: 12.511 Thread 0x000000001f414800 nmethod 5724 0x000000000477e690 code [0x000000000477e840, 0x000000000477ed78]

GC Heap History (10 events):
Event: 9.790 GC heap before
{Heap before GC invocations=42 (full 4):
 PSYoungGen      total 86528K, used 15844K [0x000000076bd00000, 0x0000000772b80000, 0x00000007c0000000)
  eden space 70656K, 0% used [0x000000076bd00000,0x000000076bd00000,0x0000000770200000)
  from space 15872K, 99% used [0x0000000771500000,0x0000000772479160,0x0000000772480000)
  to   space 19456K, 0% used [0x0000000770200000,0x0000000770200000,0x0000000771500000)
 ParOldGen       total 18944K, used 18670K [0x00000006c3600000, 0x00000006c4880000, 0x000000076bd00000)
  object space 18944K, 98% used [0x00000006c3600000,0x00000006c483ba20,0x00000006c4880000)
 Metaspace       used 53271K, capacity 56366K, committed 56576K, reserved 1097728K
  class space    used 7399K, capacity 7923K, committed 7936K, reserved 1048576K
Event: 10.011 GC heap after
Heap after GC invocations=42 (full 4):
 PSYoungGen      total 86528K, used 11888K [0x000000076bd00000, 0x0000000772b80000, 0x00000007c0000000)
  eden space 70656K, 0% used [0x000000076bd00000,0x000000076bd00000,0x0000000770200000)
  from space 15872K, 74% used [0x0000000771500000,0x000000077209c210,0x0000000772480000)
  to   space 19456K, 0% used [0x0000000770200000,0x0000000770200000,0x0000000771500000)
 ParOldGen       total 27648K, used 18550K [0x00000006c3600000, 0x00000006c5100000, 0x000000076bd00000)
  object space 27648K, 67% used [0x00000006c3600000,0x00000006c481d930,0x00000006c5100000)
 Metaspace       used 53271K, capacity 56366K, committed 56576K, reserved 1097728K
  class space    used 7399K, capacity 7923K, committed 7936K, reserved 1048576K
}
Event: 10.931 GC heap before
{Heap before GC invocations=43 (full 4):
 PSYoungGen      total 86528K, used 82544K [0x000000076bd00000, 0x0000000772b80000, 0x00000007c0000000)
  eden space 70656K, 100% used [0x000000076bd00000,0x0000000770200000,0x0000000770200000)
  from space 15872K, 74% used [0x0000000771500000,0x000000077209c210,0x0000000772480000)
  to   space 19456K, 0% used [0x0000000770200000,0x0000000770200000,0x0000000771500000)
 ParOldGen       total 27648K, used 18550K [0x00000006c3600000, 0x00000006c5100000, 0x000000076bd00000)
  object space 27648K, 67% used [0x00000006c3600000,0x00000006c481d930,0x00000006c5100000)
 Metaspace       used 57705K, capacity 60936K, committed 61184K, reserved 1101824K
  class space    used 8144K, capacity 8695K, committed 8704K, reserved 1048576K
Event: 10.943 GC heap after
Heap after GC invocations=43 (full 4):
 PSYoungGen      total 90112K, used 13757K [0x000000076bd00000, 0x0000000772e80000, 0x00000007c0000000)
  eden space 70656K, 0% used [0x000000076bd00000,0x000000076bd00000,0x0000000770200000)
  from space 19456K, 70% used [0x0000000770200000,0x0000000770f6f4f8,0x0000000771500000)
  to   space 20480K, 0% used [0x0000000771a80000,0x0000000771a80000,0x0000000772e80000)
 ParOldGen       total 27648K, used 21060K [0x00000006c3600000, 0x00000006c5100000, 0x000000076bd00000)
  object space 27648K, 76% used [0x00000006c3600000,0x00000006c4a91178,0x00000006c5100000)
 Metaspace       used 57705K, capacity 60936K, committed 61184K, reserved 1101824K
  class space    used 8144K, capacity 8695K, committed 8704K, reserved 1048576K
}
Event: 11.633 GC heap before
{Heap before GC invocations=44 (full 4):
 PSYoungGen      total 90112K, used 84413K [0x000000076bd00000, 0x0000000772e80000, 0x00000007c0000000)
  eden space 70656K, 100% used [0x000000076bd00000,0x0000000770200000,0x0000000770200000)
  from space 19456K, 70% used [0x0000000770200000,0x0000000770f6f4f8,0x0000000771500000)
  to   space 20480K, 0% used [0x0000000771a80000,0x0000000771a80000,0x0000000772e80000)
 ParOldGen       total 27648K, used 21060K [0x00000006c3600000, 0x00000006c5100000, 0x000000076bd00000)
  object space 27648K, 76% used [0x00000006c3600000,0x00000006c4a91178,0x00000006c5100000)
 Metaspace       used 60676K, capacity 64550K, committed 64768K, reserved 1105920K
  class space    used 8556K, capacity 9196K, committed 9216K, reserved 1048576K
Event: 11.643 GC heap after
Heap after GC invocations=44 (full 4):
 PSYoungGen      total 94720K, used 13824K [0x000000076bd00000, 0x0000000773000000, 0x00000007c0000000)
  eden space 74240K, 0% used [0x000000076bd00000,0x000000076bd00000,0x0000000770580000)
  from space 20480K, 67% used [0x0000000771a80000,0x00000007728003f0,0x0000000772e80000)
  to   space 21504K, 0% used [0x0000000770580000,0x0000000770580000,0x0000000771a80000)
 ParOldGen       total 27648K, used 21068K [0x00000006c3600000, 0x00000006c5100000, 0x000000076bd00000)
  object space 27648K, 76% used [0x00000006c3600000,0x00000006c4a93178,0x00000006c5100000)
 Metaspace       used 60676K, capacity 64550K, committed 64768K, reserved 1105920K
  class space    used 8556K, capacity 9196K, committed 9216K, reserved 1048576K
}
Event: 11.984 GC heap before
{Heap before GC invocations=45 (full 4):
 PSYoungGen      total 94720K, used 88064K [0x000000076bd00000, 0x0000000773000000, 0x00000007c0000000)
  eden space 74240K, 100% used [0x000000076bd00000,0x0000000770580000,0x0000000770580000)
  from space 20480K, 67% used [0x0000000771a80000,0x00000007728003f0,0x0000000772e80000)
  to   space 21504K, 0% used [0x0000000770580000,0x0000000770580000,0x0000000771a80000)
 ParOldGen       total 27648K, used 21068K [0x00000006c3600000, 0x00000006c5100000, 0x000000076bd00000)
  object space 27648K, 76% used [0x00000006c3600000,0x00000006c4a93178,0x00000006c5100000)
 Metaspace       used 61330K, capacity 65242K, committed 65408K, reserved 1105920K
  class space    used 8658K, capacity 9322K, committed 9344K, reserved 1048576K
Event: 11.993 GC heap after
Heap after GC invocations=45 (full 4):
 PSYoungGen      total 95744K, used 15011K [0x000000076bd00000, 0x0000000773600000, 0x00000007c0000000)
  eden space 74240K, 0% used [0x000000076bd00000,0x000000076bd00000,0x0000000770580000)
  from space 21504K, 69% used [0x0000000770580000,0x0000000771428eb8,0x0000000771a80000)
  to   space 22528K, 0% used [0x0000000772000000,0x0000000772000000,0x0000000773600000)
 ParOldGen       total 27648K, used 21076K [0x00000006c3600000, 0x00000006c5100000, 0x000000076bd00000)
  object space 27648K, 76% used [0x00000006c3600000,0x00000006c4a95178,0x00000006c5100000)
 Metaspace       used 61330K, capacity 65242K, committed 65408K, reserved 1105920K
  class space    used 8658K, capacity 9322K, committed 9344K, reserved 1048576K
}
Event: 12.479 GC heap before
{Heap before GC invocations=46 (full 4):
 PSYoungGen      total 95744K, used 89251K [0x000000076bd00000, 0x0000000773600000, 0x00000007c0000000)
  eden space 74240K, 100% used [0x000000076bd00000,0x0000000770580000,0x0000000770580000)
  from space 21504K, 69% used [0x0000000770580000,0x0000000771428eb8,0x0000000771a80000)
  to   space 22528K, 0% used [0x0000000772000000,0x0000000772000000,0x0000000773600000)
 ParOldGen       total 27648K, used 21076K [0x00000006c3600000, 0x00000006c5100000, 0x000000076bd00000)
  object space 27648K, 76% used [0x00000006c3600000,0x00000006c4a95178,0x00000006c5100000)
 Metaspace       used 62885K, capacity 67030K, committed 67200K, reserved 1107968K
  class space    used 8844K, capacity 9514K, committed 9600K, reserved 1048576K
Event: 12.490 GC heap after
Heap after GC invocations=46 (full 4):
 PSYoungGen      total 99328K, used 17509K [0x000000076bd00000, 0x0000000773a00000, 0x00000007c0000000)
  eden space 76800K, 0% used [0x000000076bd00000,0x000000076bd00000,0x0000000770800000)
  from space 22528K, 77% used [0x0000000772000000,0x00000007731195a0,0x0000000773600000)
  to   space 24576K, 0% used [0x0000000770800000,0x0000000770800000,0x0000000772000000)
 ParOldGen       total 27648K, used 21084K [0x00000006c3600000, 0x00000006c5100000, 0x000000076bd00000)
  object space 27648K, 76% used [0x00000006c3600000,0x00000006c4a97178,0x00000006c5100000)
 Metaspace       used 62885K, capacity 67030K, committed 67200K, reserved 1107968K
  class space    used 8844K, capacity 9514K, committed 9600K, reserved 1048576K
}

Deoptimization events (10 events):
Event: 11.894 Thread 0x000000001f971800 Uncommon trap: reason=class_check action=maybe_recompile pc=0x0000000003668220 method=java.lang.reflect.Method.equals(Ljava/lang/Object;)Z @ 5
Event: 11.894 Thread 0x000000001f971800 Uncommon trap: reason=class_check action=maybe_recompile pc=0x0000000003668220 method=java.lang.reflect.Method.equals(Ljava/lang/Object;)Z @ 5
Event: 11.900 Thread 0x000000001f971800 Uncommon trap: reason=null_assert action=make_not_entrant pc=0x0000000003ce9000 method=java.util.concurrent.ConcurrentHashMap.transfer([Ljava/util/concurrent/ConcurrentHashMap$Node;[Ljava/util/concurrent/ConcurrentHashMap$Node;)V @ 557
Event: 12.046 Thread 0x000000001f971800 Uncommon trap: reason=array_check action=maybe_recompile pc=0x00000000046f5740 method=org.aspectj.weaver.ResolvedMemberImpl.resolve(Lorg/aspectj/weaver/World;)Lorg/aspectj/weaver/ResolvedMember; @ 139
Event: 12.046 Thread 0x000000001f971800 Uncommon trap: reason=array_check action=maybe_recompile pc=0x00000000046f5740 method=org.aspectj.weaver.ResolvedMemberImpl.resolve(Lorg/aspectj/weaver/World;)Lorg/aspectj/weaver/ResolvedMember; @ 139
Event: 12.046 Thread 0x000000001f971800 Uncommon trap: reason=array_check action=maybe_recompile pc=0x00000000046f5740 method=org.aspectj.weaver.ResolvedMemberImpl.resolve(Lorg/aspectj/weaver/World;)Lorg/aspectj/weaver/ResolvedMember; @ 139
Event: 12.046 Thread 0x000000001f971800 Uncommon trap: reason=array_check action=maybe_recompile pc=0x00000000046f5740 method=org.aspectj.weaver.ResolvedMemberImpl.resolve(Lorg/aspectj/weaver/World;)Lorg/aspectj/weaver/ResolvedMember; @ 139
Event: 12.050 Thread 0x000000001f971800 Uncommon trap: reason=array_check action=maybe_recompile pc=0x000000000470212c method=org.aspectj.weaver.ResolvedMemberImpl.resolve(Lorg/aspectj/weaver/World;)Lorg/aspectj/weaver/ResolvedMember; @ 139
Event: 12.375 Thread 0x000000001f971800 Uncommon trap: reason=null_check action=make_not_entrant pc=0x0000000003d27238 method=org.springframework.beans.factory.support.DefaultSingletonBeanRegistry.getSingleton(Ljava/lang/String;Z)Ljava/lang/Object; @ 90
Event: 12.403 Thread 0x000000001f971800 Uncommon trap: reason=unreached action=reinterpret pc=0x0000000003f6676c method=org.springframework.beans.factory.support.AbstractBeanFactory.isTypeMatch(Ljava/lang/String;Lorg/springframework/core/ResolvableType;Z)Z @ 34

Internal exceptions (10 events):
Event: 12.456 Thread 0x000000001f971800 Exception <a 'java/security/PrivilegedActionException'> (0x0000000770084750) thrown at [D:\re\workspace\8-2-build-windows-amd64-cygwin\jdk8\2238\hotspot\src\share\vm\prims\jvm.cpp, line 1248]
Event: 12.467 Thread 0x000000001f971800 Exception <a 'java/security/PrivilegedActionException'> (0x000000077030c148) thrown at [D:\re\workspace\8-2-build-windows-amd64-cygwin\jdk8\2238\hotspot\src\share\vm\prims\jvm.cpp, line 1248]
Event: 12.469 Thread 0x000000001f971800 Exception <a 'java/security/PrivilegedActionException'> (0x0000000770355df0) thrown at [D:\re\workspace\8-2-build-windows-amd64-cygwin\jdk8\2238\hotspot\src\share\vm\prims\jvm.cpp, line 1248]
Event: 12.475 Thread 0x000000001f971800 Exception <a 'java/security/PrivilegedActionException'> (0x0000000770498ce8) thrown at [D:\re\workspace\8-2-build-windows-amd64-cygwin\jdk8\2238\hotspot\src\share\vm\prims\jvm.cpp, line 1248]
Event: 12.477 Thread 0x000000001f971800 Exception <a 'java/security/PrivilegedActionException'> (0x00000007704d8120) thrown at [D:\re\workspace\8-2-build-windows-amd64-cygwin\jdk8\2238\hotspot\src\share\vm\prims\jvm.cpp, line 1248]
Event: 12.502 Thread 0x000000001f971800 Exception <a 'java/security/PrivilegedActionException'> (0x000000076beaca18) thrown at [D:\re\workspace\8-2-build-windows-amd64-cygwin\jdk8\2238\hotspot\src\share\vm\prims\jvm.cpp, line 1248]
Event: 12.504 Thread 0x000000001f971800 Exception <a 'java/security/PrivilegedActionException'> (0x000000076beeaa98) thrown at [D:\re\workspace\8-2-build-windows-amd64-cygwin\jdk8\2238\hotspot\src\share\vm\prims\jvm.cpp, line 1248]
Event: 12.506 Thread 0x000000001f971800 Exception <a 'java/security/PrivilegedActionException'> (0x000000076bf41a98) thrown at [D:\re\workspace\8-2-build-windows-amd64-cygwin\jdk8\2238\hotspot\src\share\vm\prims\jvm.cpp, line 1248]
Event: 12.509 Thread 0x000000001f971800 Exception <a 'java/security/PrivilegedActionException'> (0x000000076bfc21a8) thrown at [D:\re\workspace\8-2-build-windows-amd64-cygwin\jdk8\2238\hotspot\src\share\vm\prims\jvm.cpp, line 1248]
Event: 12.510 Thread 0x000000001f971800 Exception <a 'java/security/PrivilegedActionException'> (0x000000076c00b978) thrown at [D:\re\workspace\8-2-build-windows-amd64-cygwin\jdk8\2238\hotspot\src\share\vm\prims\jvm.cpp, line 1248]

Events (10 events):
Event: 12.504 loading class io/github/resilience4j/ratelimiter/configure/RateLimiterConfiguration
Event: 12.504 loading class io/github/resilience4j/ratelimiter/configure/RateLimiterConfiguration done
Event: 12.504 loading class io/github/resilience4j/ratelimiter/RateLimiterRegistry
Event: 12.504 loading class io/github/resilience4j/ratelimiter/RateLimiterRegistry done
Event: 12.504 loading class io/github/resilience4j/common/ratelimiter/configuration/RateLimiterConfigurationProperties$InstanceProperties
Event: 12.504 loading class io/github/resilience4j/common/ratelimiter/configuration/RateLimiterConfigurationProperties$InstanceProperties done
Event: 12.504 loading class io/github/resilience4j/ratelimiter/RateLimiterRegistry
Event: 12.504 loading class io/github/resilience4j/ratelimiter/RateLimiterRegistry done
Event: 12.504 loading class io/github/resilience4j/ratelimiter/RateLimiterRegistry$Builder
Event: 12.504 loading class io/github/resilience4j/ratelimiter/RateLimiterRegistry$Builder done


Dynamic libraries:
0x00007ff71b1e0000 - 0x00007ff71b214000 	C:\Program Files\Java\jdk1.8.0\jre\bin\java.exe
0x00007ffe9e970000 - 0x00007ffe9eb84000 	C:\WINDOWS\SYSTEM32\ntdll.dll
0x00007ffe9cbe0000 - 0x00007ffe9cca2000 	C:\WINDOWS\System32\KERNEL32.DLL
0x00007ffe9c030000 - 0x00007ffe9c3cd000 	C:\WINDOWS\System32\KERNELBASE.dll
0x00007ffe9d870000 - 0x00007ffe9d91e000 	C:\WINDOWS\System32\ADVAPI32.dll
0x00007ffe9e1a0000 - 0x00007ffe9e247000 	C:\WINDOWS\System32\msvcrt.dll
0x00007ffe9c7b0000 - 0x00007ffe9c854000 	C:\WINDOWS\System32\sechost.dll
0x00007ffe9c940000 - 0x00007ffe9ca55000 	C:\WINDOWS\System32\RPCRT4.dll
0x00007ffe9d930000 - 0x00007ffe9dada000 	C:\WINDOWS\System32\USER32.dll
0x00007ffe9c600000 - 0x00007ffe9c626000 	C:\WINDOWS\System32\win32u.dll
0x00007ffe9c770000 - 0x00007ffe9c799000 	C:\WINDOWS\System32\GDI32.dll
0x00007ffe9bf10000 - 0x00007ffe9c022000 	C:\WINDOWS\System32\gdi32full.dll
0x00007ffe9c3d0000 - 0x00007ffe9c46a000 	C:\WINDOWS\System32\msvcp_win.dll
0x00007ffe9c4e0000 - 0x00007ffe9c5f1000 	C:\WINDOWS\System32\ucrtbase.dll
0x00007ffe85170000 - 0x00007ffe853fe000 	C:\WINDOWS\WinSxS\amd64_microsoft.windows.common-controls_6595b64144ccf1df_6.0.22621.608_none_a9444ca7c10bb01d\COMCTL32.dll
0x00007ffe9e2d0000 - 0x00007ffe9e302000 	C:\WINDOWS\System32\IMM32.DLL
0x000000006f200000 - 0x000000006f2d2000 	C:\Program Files\Java\jdk1.8.0\jre\bin\msvcr100.dll
0x000000006e9d0000 - 0x000000006f1fa000 	C:\Program Files\Java\jdk1.8.0\jre\bin\server\jvm.dll
0x00007ffe9c7a0000 - 0x00007ffe9c7a8000 	C:\WINDOWS\System32\PSAPI.DLL
0x00007ffe828d0000 - 0x00007ffe828d9000 	C:\WINDOWS\SYSTEM32\WSOCK32.dll
0x00007ffe92980000 - 0x00007ffe929b4000 	C:\WINDOWS\SYSTEM32\WINMM.dll
0x00007ffe9e250000 - 0x00007ffe9e2c1000 	C:\WINDOWS\System32\WS2_32.dll
0x000000006e9c0000 - 0x000000006e9cf000 	C:\Program Files\Java\jdk1.8.0\jre\bin\verify.dll
0x000000006e990000 - 0x000000006e9b8000 	C:\Program Files\Java\jdk1.8.0\jre\bin\java.dll
0x000000006e900000 - 0x000000006e923000 	C:\Program Files\Java\jdk1.8.0\jre\bin\instrument.dll
0x000000006e970000 - 0x000000006e986000 	C:\Program Files\Java\jdk1.8.0\jre\bin\zip.dll
0x00007ffe9ced0000 - 0x00007ffe9d6b0000 	C:\WINDOWS\System32\SHELL32.dll
0x00007ffe99bc0000 - 0x00007ffe9a485000 	C:\WINDOWS\SYSTEM32\windows.storage.dll
0x00007ffe9dbe0000 - 0x00007ffe9df6a000 	C:\WINDOWS\System32\combase.dll
0x00007ffe99a80000 - 0x00007ffe99bbe000 	C:\WINDOWS\SYSTEM32\wintypes.dll
0x00007ffe9df80000 - 0x00007ffe9e071000 	C:\WINDOWS\System32\SHCORE.dll
0x00007ffe9ccb0000 - 0x00007ffe9cd0e000 	C:\WINDOWS\System32\shlwapi.dll
0x00007ffe9bab0000 - 0x00007ffe9bad1000 	C:\WINDOWS\SYSTEM32\profapi.dll
0x00007ffe95a30000 - 0x00007ffe95a4a000 	C:\Program Files\JetBrains\IntelliJ IDEA Community Edition 2022.2.3\bin\breakgen64.dll
0x000000006e950000 - 0x000000006e96a000 	C:\Program Files\Java\jdk1.8.0\jre\bin\net.dll
0x00007ffe9b140000 - 0x00007ffe9b1a9000 	C:\WINDOWS\system32\mswsock.dll
0x00007ffe9a790000 - 0x00007ffe9a7bd000 	C:\WINDOWS\SYSTEM32\IPHLPAPI.DLL
0x00007ffe9df70000 - 0x00007ffe9df79000 	C:\WINDOWS\System32\NSI.dll
0x00007ffe94f00000 - 0x00007ffe94f19000 	C:\WINDOWS\SYSTEM32\dhcpcsvc6.DLL
0x00007ffe94c40000 - 0x00007ffe94c5f000 	C:\WINDOWS\SYSTEM32\dhcpcsvc.DLL
0x00007ffe9a810000 - 0x00007ffe9a902000 	C:\WINDOWS\SYSTEM32\DNSAPI.dll
0x00007ffe94190000 - 0x00007ffe9419a000 	C:\Windows\System32\rasadhlp.dll
0x00007ffe90a50000 - 0x00007ffe90ad3000 	C:\WINDOWS\System32\fwpuclnt.dll
0x000000006e8f0000 - 0x000000006e8fd000 	C:\Program Files\Java\jdk1.8.0\jre\bin\management.dll
0x00007ffe796c0000 - 0x00007ffe796d7000 	C:\WINDOWS\system32\napinsp.dll
0x00007ffe796a0000 - 0x00007ffe796bb000 	C:\WINDOWS\system32\pnrpnsp.dll
0x00007ffe79680000 - 0x00007ffe79691000 	C:\WINDOWS\System32\winrnr.dll
0x00007ffe90540000 - 0x00007ffe90555000 	C:\WINDOWS\system32\wshbth.dll
0x00007ffe79650000 - 0x00007ffe79671000 	C:\WINDOWS\system32\nlansp_c.dll
0x000000006e930000 - 0x000000006e941000 	C:\Program Files\Java\jdk1.8.0\jre\bin\nio.dll
0x00007ffe9b380000 - 0x00007ffe9b39b000 	C:\WINDOWS\SYSTEM32\CRYPTSP.dll
0x00007ffe9ac50000 - 0x00007ffe9ac85000 	C:\WINDOWS\system32\rsaenh.dll
0x00007ffe9b230000 - 0x00007ffe9b258000 	C:\WINDOWS\SYSTEM32\USERENV.dll
0x00007ffe9b540000 - 0x00007ffe9b568000 	C:\WINDOWS\SYSTEM32\bcrypt.dll
0x00007ffe9c630000 - 0x00007ffe9c6ab000 	C:\WINDOWS\System32\bcryptprimitives.dll
0x00007ffe9b3a0000 - 0x00007ffe9b3ac000 	C:\WINDOWS\SYSTEM32\CRYPTBASE.dll
0x000000006e8c0000 - 0x000000006e8e4000 	C:\Program Files\Java\jdk1.8.0\jre\bin\sunec.dll
0x000000006e8b0000 - 0x000000006e8bb000 	C:\Program Files\Java\jdk1.8.0\jre\bin\sunmscapi.dll
0x00007ffe9bda0000 - 0x00007ffe9bf06000 	C:\WINDOWS\System32\CRYPT32.dll
0x00007ffe98fa0000 - 0x00007ffe991ce000 	C:\WINDOWS\SYSTEM32\dbghelp.dll
0x00007ffe9c860000 - 0x00007ffe9c937000 	C:\WINDOWS\System32\OLEAUT32.dll

VM Arguments:
jvm_args: -javaagent:C:\Program Files\JetBrains\IntelliJ IDEA Community Edition 2022.2.3\lib\idea_rt.jar=63167:C:\Program Files\JetBrains\IntelliJ IDEA Community Edition 2022.2.3\bin -Dfile.encoding=UTF-8 
java_command: com.example.orderservice.OrderServiceApplication
java_class_path (initial): C:\Program Files\Java\jdk1.8.0\jre\lib\charsets.jar;C:\Program Files\Java\jdk1.8.0\jre\lib\deploy.jar;C:\Program Files\Java\jdk1.8.0\jre\lib\ext\access-bridge-64.jar;C:\Program Files\Java\jdk1.8.0\jre\lib\ext\cldrdata.jar;C:\Program Files\Java\jdk1.8.0\jre\lib\ext\dnsns.jar;C:\Program Files\Java\jdk1.8.0\jre\lib\ext\jaccess.jar;C:\Program Files\Java\jdk1.8.0\jre\lib\ext\jfxrt.jar;C:\Program Files\Java\jdk1.8.0\jre\lib\ext\localedata.jar;C:\Program Files\Java\jdk1.8.0\jre\lib\ext\nashorn.jar;C:\Program Files\Java\jdk1.8.0\jre\lib\ext\sunec.jar;C:\Program Files\Java\jdk1.8.0\jre\lib\ext\sunjce_provider.jar;C:\Program Files\Java\jdk1.8.0\jre\lib\ext\sunmscapi.jar;C:\Program Files\Java\jdk1.8.0\jre\lib\ext\sunpkcs11.jar;C:\Program Files\Java\jdk1.8.0\jre\lib\ext\zipfs.jar;C:\Program Files\Java\jdk1.8.0\jre\lib\javaws.jar;C:\Program Files\Java\jdk1.8.0\jre\lib\jce.jar;C:\Program Files\Java\jdk1.8.0\jre\lib\jfr.jar;C:\Program Files\Java\jdk1.8.0\jre\lib\jfxswt.jar;C:\Program Files\Java\jdk1.8.0\jre\lib\jsse.jar;C:\Program Files\Java\jdk1.8.0\jre\lib\management-agent.jar;C:\Program Files\Java\jdk1.8.0\jre\lib\plugin.jar;C:\Program Files\Java\jdk1.8.0\jre\lib\resources.jar;C:\Program Files\Java\jdk1.8.0\jre\lib\rt.jar;C:\Users\exper\eclipse-workspace\microservices-parent\microservices-new\order-service\target\classes;C:\Users\exper\.m2\repository\org\springframework\boot\spring-boot-starter-data-jpa\2.7.5\spring-boot-starter-data-jpa-2.7.5.jar;C:\Users\exper\.m2\repository\org\springframework\boot\spring-boot-starter-aop\2.7.5\spring-boot-starter-aop-2.7.5.jar;C:\Users\exper\.m2\repository\org\springframework\spring-aop\5.3.23\spring-aop-5.3.23.jar;C:\Users\exper\.m2\repository\org\aspectj\aspectjweaver\1.9.7\aspectjweaver-1.9.7.jar;C:\Users\exper\.m2\repository\org\springframework\boot\spring-boot-starter-jdbc\2.7.5\spring-boot-starter-jdbc-2.7.5.jar;C:\Users\exper\.m2\repository\com\zaxxer\HikariCP\4.0.3\HikariCP-4.0.3.jar;C:\Users\exper\.m2\r
Launcher Type: SUN_STANDARD

Environment Variables:
PATH=C:\Python311\Scripts\;C:\Python311\;C:\Program Files\Java\jdk1.8.0\bin;C:\WINDOWS\system32;C:\WINDOWS;C:\WINDOWS\System32\Wbem;C:\WINDOWS\System32\WindowsPowerShell\v1.0\;C:\WINDOWS\System32\OpenSSH\;C:\Program Files\Git\cmd;C:\Program Files\nodejs\;C:\ProgramData\chocolatey\bin;C:\Program Files\Java\jdk1.8.0\bin;C:\Users\exper\AppData\Local\Microsoft\WindowsApps;C:\Users\exper\AppData\Roaming\npm;C:\Users\exper\AppData\Local\Programs\Microsoft VS Code\bin;
USERNAME=exper
OS=Windows_NT
PROCESSOR_IDENTIFIER=Intel64 Family 6 Model 140 Stepping 1, GenuineIntel



---------------  S Y S T E M  ---------------

OS: Windows 8.1 , 64 bit Build 9600 

CPU:total 8 (4 cores per cpu, 2 threads per core) family 6 model 140 stepping 1, cmov, cx8, fxsr, mmx, sse, sse2, sse3, ssse3, sse4.1, sse4.2, popcnt, avx, avx2, aes, clmul, erms, ht, tsc, tscinvbit

Memory: 4k page, physical 16555320k(416176k free), swap 66886968k(8204k free)

vm_info: Java HotSpot(TM) 64-Bit Server VM (25.0-b70) for windows-amd64 JRE (1.8.0-b132), built on Mar  4 2014 03:46:18 by "java_re" with MS VC++ 10.0 (VS2010)

time: Tue Dec 20 03:07:40 2022
elapsed time: 12 seconds

